<?xml version="1.0" encoding="UTF-8"?>
<testng-results ignored="0" total="1" passed="1" failed="0" skipped="0">
  <reporter-output>
  </reporter-output>
  <suite started-at="2020-08-20T12:53:07Z" name="Default suite" finished-at="2020-08-20T12:53:17Z" duration-ms="10079">
    <groups>
    </groups>
    <test started-at="2020-08-20T12:53:07Z" name="Default test" finished-at="2020-08-20T12:53:17Z" duration-ms="10079">
      <class name="Tests.RegisterTest">
        <test-method is-config="true" signature="config()[pri:0, instance:Tests.RegisterTest@2b6856dd]" started-at="2020-08-20T14:53:07Z" name="config" finished-at="2020-08-20T14:53:07Z" duration-ms="177" status="PASS">
          <reporter-output>
          </reporter-output>
        </test-method> <!-- config -->
        <test-method is-config="true" signature="beforClass()[pri:0, instance:Tests.RegisterTest@2b6856dd]" started-at="2020-08-20T14:53:07Z" name="beforClass" finished-at="2020-08-20T14:53:14Z" duration-ms="6999" status="PASS">
          <reporter-output>
          </reporter-output>
        </test-method> <!-- beforClass -->
        <test-method signature="RegTest(java.lang.String, java.lang.String, java.lang.String, java.lang.String, java.lang.String, java.lang.String, java.lang.String)[pri:0, instance:Tests.RegisterTest@2b6856dd]" started-at="2020-08-20T14:53:15Z" name="RegTest" data-provider="ExcelData" finished-at="2020-08-20T14:53:16Z" duration-ms="1120" status="PASS">
          <params>
            <param index="0">
              <value>
                <![CDATA[Doha]]>
              </value>
            </param>
            <param index="1">
              <value>
                <![CDATA[Saeed]]>
              </value>
            </param>
            <param index="2">
              <value>
                <![CDATA[1.2345678E7]]>
              </value>
            </param>
            <param index="3">
              <value>
                <![CDATA[Doha]]>
              </value>
            </param>
            <param index="4">
              <value>
                <![CDATA[@gmail.com]]>
              </value>
            </param>
            <param index="5">
              <value>
                <![CDATA[Doh1223]]>
              </value>
            </param>
            <param index="6">
              <value>
                <![CDATA[Doh1223]]>
              </value>
            </param>
          </params>
          <reporter-output>
          </reporter-output>
        </test-method> <!-- RegTest -->
        <test-method is-config="true" signature="screenshotOnFailure(org.testng.ITestResult)[pri:0, instance:Tests.RegisterTest@2b6856dd]" started-at="2020-08-20T14:53:16Z" name="screenshotOnFailure" finished-at="2020-08-20T14:53:16Z" duration-ms="477" status="PASS">
          <params>
            <param index="0">
              <value>
                <![CDATA[[TestResult name=RegTest status=SUCCESS method=RegisterTest.RegTest(java.lang.String, java.lang.String, java.lang.String, java.lang.String, java.lang.String, java.lang.String, java.lang.String)[pri:0, instance:Tests.RegisterTest@2b6856dd] output={null}]]]>
              </value>
            </param>
          </params>
          <reporter-output>
          </reporter-output>
        </test-method> <!-- screenshotOnFailure -->
        <test-method is-config="true" signature="tearDown()[pri:0, instance:Tests.RegisterTest@2b6856dd]" started-at="2020-08-20T14:53:16Z" name="tearDown" finished-at="2020-08-20T14:53:17Z" duration-ms="531" status="PASS">
          <reporter-output>
          </reporter-output>
        </test-method> <!-- tearDown -->
      </class> <!-- Tests.RegisterTest -->
    </test> <!-- Default test -->
  </suite> <!-- Default suite -->
</testng-results>
